{"C:\\Users\\Klukv\\Desktop\\study\\JS\\final\\players\\Archer.js": {"path":"C:\\Users\\Klukv\\Desktop\\study\\JS\\final\\players\\Archer.js","statementMap":{"0":{"start":{"line":1,"column":19},"end":{"line":1,"column":38}},"1":{"start":{"line":2,"column":16},"end":{"line":2,"column":41}},"2":{"start":{"line":3,"column":18},"end":{"line":3,"column":45}},"3":{"start":{"line":4,"column":16},"end":{"line":4,"column":41}},"4":{"start":{"line":8,"column":4},"end":{"line":8,"column":26}},"5":{"start":{"line":9,"column":4},"end":{"line":9,"column":19}},"6":{"start":{"line":10,"column":4},"end":{"line":10,"column":20}},"7":{"start":{"line":11,"column":4},"end":{"line":11,"column":19}},"8":{"start":{"line":12,"column":4},"end":{"line":12,"column":20}},"9":{"start":{"line":13,"column":4},"end":{"line":13,"column":22}},"10":{"start":{"line":14,"column":4},"end":{"line":14,"column":19}},"11":{"start":{"line":15,"column":4},"end":{"line":15,"column":32}},"12":{"start":{"line":16,"column":4},"end":{"line":16,"column":28}},"13":{"start":{"line":17,"column":4},"end":{"line":17,"column":29}},"14":{"start":{"line":18,"column":4},"end":{"line":18,"column":31}},"15":{"start":{"line":22,"column":4},"end":{"line":22,"column":29}},"16":{"start":{"line":26,"column":4},"end":{"line":28,"column":5}},"17":{"start":{"line":27,"column":6},"end":{"line":27,"column":15}},"18":{"start":{"line":29,"column":25},"end":{"line":29,"column":48}},"19":{"start":{"line":30,"column":24},"end":{"line":30,"column":41}},"20":{"start":{"line":31,"column":4},"end":{"line":34,"column":6}},"21":{"start":{"line":38,"column":0},"end":{"line":38,"column":28}}},"fnMap":{"0":{"name":"(anonymous_0)","decl":{"start":{"line":7,"column":2},"end":{"line":7,"column":3}},"loc":{"start":{"line":7,"column":30},"end":{"line":19,"column":3}},"line":7},"1":{"name":"(anonymous_1)","decl":{"start":{"line":21,"column":2},"end":{"line":21,"column":3}},"loc":{"start":{"line":21,"column":28},"end":{"line":23,"column":3}},"line":21},"2":{"name":"(anonymous_2)","decl":{"start":{"line":25,"column":2},"end":{"line":25,"column":3}},"loc":{"start":{"line":25,"column":22},"end":{"line":35,"column":3}},"line":25}},"branchMap":{"0":{"loc":{"start":{"line":26,"column":4},"end":{"line":28,"column":5}},"type":"if","locations":[{"start":{"line":26,"column":4},"end":{"line":28,"column":5}},{"start":{},"end":{}}],"line":26}},"s":{"0":1,"1":1,"2":1,"3":1,"4":6,"5":6,"6":6,"7":6,"8":6,"9":6,"10":6,"11":6,"12":6,"13":6,"14":6,"15":0,"16":1,"17":0,"18":1,"19":1,"20":1,"21":1},"f":{"0":6,"1":0,"2":1},"b":{"0":[0,1]},"_coverageSchema":"1a1c01bbd47fc00a2c39e90264f33305004495a9","hash":"f47f5000ef2e0be7fe56f42a1616b1f90d927ad5"}
,"C:\\Users\\Klukv\\Desktop\\study\\JS\\final\\players\\Crossbowman.js": {"path":"C:\\Users\\Klukv\\Desktop\\study\\JS\\final\\players\\Crossbowman.js","statementMap":{"0":{"start":{"line":1,"column":19},"end":{"line":1,"column":38}},"1":{"start":{"line":2,"column":20},"end":{"line":2,"column":49}},"2":{"start":{"line":3,"column":18},"end":{"line":3,"column":45}},"3":{"start":{"line":4,"column":16},"end":{"line":4,"column":41}},"4":{"start":{"line":8,"column":4},"end":{"line":8,"column":26}},"5":{"start":{"line":9,"column":4},"end":{"line":9,"column":19}},"6":{"start":{"line":10,"column":4},"end":{"line":10,"column":20}},"7":{"start":{"line":11,"column":4},"end":{"line":11,"column":22}},"8":{"start":{"line":12,"column":4},"end":{"line":12,"column":19}},"9":{"start":{"line":13,"column":4},"end":{"line":13,"column":36}},"10":{"start":{"line":14,"column":4},"end":{"line":14,"column":32}},"11":{"start":{"line":15,"column":4},"end":{"line":15,"column":29}},"12":{"start":{"line":19,"column":4},"end":{"line":19,"column":33}},"13":{"start":{"line":23,"column":0},"end":{"line":23,"column":33}}},"fnMap":{"0":{"name":"(anonymous_0)","decl":{"start":{"line":7,"column":2},"end":{"line":7,"column":3}},"loc":{"start":{"line":7,"column":30},"end":{"line":16,"column":3}},"line":7},"1":{"name":"(anonymous_1)","decl":{"start":{"line":18,"column":2},"end":{"line":18,"column":3}},"loc":{"start":{"line":18,"column":28},"end":{"line":20,"column":3}},"line":18}},"branchMap":{},"s":{"0":1,"1":1,"2":1,"3":1,"4":1,"5":1,"6":1,"7":1,"8":1,"9":1,"10":1,"11":1,"12":0,"13":1},"f":{"0":1,"1":0},"b":{},"_coverageSchema":"1a1c01bbd47fc00a2c39e90264f33305004495a9","hash":"28369680d318ad727db2e6bd541a5cd9026b44a6"}
,"C:\\Users\\Klukv\\Desktop\\study\\JS\\final\\players\\Demiurge.js": {"path":"C:\\Users\\Klukv\\Desktop\\study\\JS\\final\\players\\Demiurge.js","statementMap":{"0":{"start":{"line":1,"column":17},"end":{"line":1,"column":34}},"1":{"start":{"line":2,"column":23},"end":{"line":2,"column":55}},"2":{"start":{"line":3,"column":18},"end":{"line":3,"column":45}},"3":{"start":{"line":4,"column":16},"end":{"line":4,"column":41}},"4":{"start":{"line":8,"column":4},"end":{"line":8,"column":26}},"5":{"start":{"line":9,"column":4},"end":{"line":9,"column":19}},"6":{"start":{"line":10,"column":4},"end":{"line":10,"column":21}},"7":{"start":{"line":11,"column":4},"end":{"line":11,"column":20}},"8":{"start":{"line":12,"column":4},"end":{"line":12,"column":19}},"9":{"start":{"line":13,"column":4},"end":{"line":13,"column":33}},"10":{"start":{"line":14,"column":4},"end":{"line":14,"column":35}},"11":{"start":{"line":15,"column":4},"end":{"line":15,"column":29}},"12":{"start":{"line":16,"column":4},"end":{"line":16,"column":31}},"13":{"start":{"line":20,"column":4},"end":{"line":20,"column":36}},"14":{"start":{"line":24,"column":17},"end":{"line":24,"column":42}},"15":{"start":{"line":25,"column":4},"end":{"line":27,"column":5}},"16":{"start":{"line":26,"column":6},"end":{"line":26,"column":15}},"17":{"start":{"line":28,"column":4},"end":{"line":30,"column":5}},"18":{"start":{"line":29,"column":6},"end":{"line":29,"column":24}},"19":{"start":{"line":31,"column":4},"end":{"line":31,"column":16}},"20":{"start":{"line":35,"column":0},"end":{"line":35,"column":30}}},"fnMap":{"0":{"name":"(anonymous_0)","decl":{"start":{"line":7,"column":2},"end":{"line":7,"column":3}},"loc":{"start":{"line":7,"column":30},"end":{"line":17,"column":3}},"line":7},"1":{"name":"(anonymous_1)","decl":{"start":{"line":19,"column":2},"end":{"line":19,"column":3}},"loc":{"start":{"line":19,"column":28},"end":{"line":21,"column":3}},"line":19},"2":{"name":"(anonymous_2)","decl":{"start":{"line":23,"column":2},"end":{"line":23,"column":3}},"loc":{"start":{"line":23,"column":22},"end":{"line":32,"column":3}},"line":23}},"branchMap":{"0":{"loc":{"start":{"line":25,"column":4},"end":{"line":27,"column":5}},"type":"if","locations":[{"start":{"line":25,"column":4},"end":{"line":27,"column":5}},{"start":{},"end":{}}],"line":25},"1":{"loc":{"start":{"line":28,"column":4},"end":{"line":30,"column":5}},"type":"if","locations":[{"start":{"line":28,"column":4},"end":{"line":30,"column":5}},{"start":{},"end":{}}],"line":28},"2":{"loc":{"start":{"line":28,"column":8},"end":{"line":28,"column":46}},"type":"binary-expr","locations":[{"start":{"line":28,"column":8},"end":{"line":28,"column":22}},{"start":{"line":28,"column":26},"end":{"line":28,"column":46}}],"line":28}},"s":{"0":1,"1":1,"2":1,"3":1,"4":1,"5":1,"6":1,"7":1,"8":1,"9":1,"10":1,"11":1,"12":1,"13":0,"14":1,"15":1,"16":0,"17":1,"18":1,"19":0,"20":1},"f":{"0":1,"1":0,"2":1},"b":{"0":[0,1],"1":[1,0],"2":[1,1]},"_coverageSchema":"1a1c01bbd47fc00a2c39e90264f33305004495a9","hash":"1d8392855ac69af5d2cc4c49b7a57ef11f853921"}
,"C:\\Users\\Klukv\\Desktop\\study\\JS\\final\\players\\Dwarf.js": {"path":"C:\\Users\\Klukv\\Desktop\\study\\JS\\final\\players\\Dwarf.js","statementMap":{"0":{"start":{"line":1,"column":20},"end":{"line":1,"column":40}},"1":{"start":{"line":2,"column":16},"end":{"line":2,"column":41}},"2":{"start":{"line":3,"column":18},"end":{"line":3,"column":45}},"3":{"start":{"line":4,"column":16},"end":{"line":4,"column":41}},"4":{"start":{"line":8,"column":4},"end":{"line":8,"column":26}},"5":{"start":{"line":9,"column":4},"end":{"line":9,"column":20}},"6":{"start":{"line":10,"column":4},"end":{"line":10,"column":21}},"7":{"start":{"line":11,"column":4},"end":{"line":11,"column":19}},"8":{"start":{"line":12,"column":4},"end":{"line":12,"column":30}},"9":{"start":{"line":13,"column":4},"end":{"line":13,"column":28}},"10":{"start":{"line":14,"column":4},"end":{"line":14,"column":29}},"11":{"start":{"line":15,"column":4},"end":{"line":15,"column":26}},"12":{"start":{"line":19,"column":4},"end":{"line":19,"column":29}},"13":{"start":{"line":23,"column":4},"end":{"line":23,"column":27}},"14":{"start":{"line":24,"column":12},"end":{"line":24,"column":18}},"15":{"start":{"line":25,"column":4},"end":{"line":27,"column":5}},"16":{"start":{"line":26,"column":6},"end":{"line":26,"column":21}},"17":{"start":{"line":28,"column":4},"end":{"line":28,"column":24}},"18":{"start":{"line":32,"column":0},"end":{"line":32,"column":27}}},"fnMap":{"0":{"name":"(anonymous_0)","decl":{"start":{"line":7,"column":2},"end":{"line":7,"column":3}},"loc":{"start":{"line":7,"column":30},"end":{"line":16,"column":3}},"line":7},"1":{"name":"(anonymous_1)","decl":{"start":{"line":18,"column":2},"end":{"line":18,"column":3}},"loc":{"start":{"line":18,"column":28},"end":{"line":20,"column":3}},"line":18},"2":{"name":"(anonymous_2)","decl":{"start":{"line":22,"column":2},"end":{"line":22,"column":3}},"loc":{"start":{"line":22,"column":21},"end":{"line":29,"column":3}},"line":22}},"branchMap":{"0":{"loc":{"start":{"line":25,"column":4},"end":{"line":27,"column":5}},"type":"if","locations":[{"start":{"line":25,"column":4},"end":{"line":27,"column":5}},{"start":{},"end":{}}],"line":25},"1":{"loc":{"start":{"line":25,"column":8},"end":{"line":25,"column":59}},"type":"binary-expr","locations":[{"start":{"line":25,"column":8},"end":{"line":25,"column":35}},{"start":{"line":25,"column":39},"end":{"line":25,"column":59}}],"line":25}},"s":{"0":1,"1":1,"2":1,"3":1,"4":1,"5":1,"6":1,"7":1,"8":1,"9":1,"10":1,"11":1,"12":0,"13":6,"14":6,"15":6,"16":1,"17":6,"18":1},"f":{"0":1,"1":0,"2":6},"b":{"0":[1,5],"1":[6,1]},"_coverageSchema":"1a1c01bbd47fc00a2c39e90264f33305004495a9","hash":"a5d7dd1f25547aa3b9bf769d3f117a69bb3effe7"}
,"C:\\Users\\Klukv\\Desktop\\study\\JS\\final\\players\\Mage.js": {"path":"C:\\Users\\Klukv\\Desktop\\study\\JS\\final\\players\\Mage.js","statementMap":{"0":{"start":{"line":1,"column":19},"end":{"line":1,"column":38}},"1":{"start":{"line":2,"column":18},"end":{"line":2,"column":45}},"2":{"start":{"line":3,"column":18},"end":{"line":3,"column":45}},"3":{"start":{"line":4,"column":16},"end":{"line":4,"column":41}},"4":{"start":{"line":8,"column":4},"end":{"line":8,"column":26}},"5":{"start":{"line":9,"column":4},"end":{"line":9,"column":19}},"6":{"start":{"line":10,"column":4},"end":{"line":10,"column":21}},"7":{"start":{"line":11,"column":4},"end":{"line":11,"column":19}},"8":{"start":{"line":12,"column":4},"end":{"line":12,"column":20}},"9":{"start":{"line":13,"column":4},"end":{"line":13,"column":21}},"10":{"start":{"line":14,"column":4},"end":{"line":14,"column":19}},"11":{"start":{"line":15,"column":4},"end":{"line":15,"column":29}},"12":{"start":{"line":16,"column":4},"end":{"line":16,"column":30}},"13":{"start":{"line":17,"column":4},"end":{"line":17,"column":29}},"14":{"start":{"line":18,"column":4},"end":{"line":18,"column":31}},"15":{"start":{"line":22,"column":4},"end":{"line":22,"column":31}},"16":{"start":{"line":26,"column":4},"end":{"line":30,"column":5}},"17":{"start":{"line":27,"column":6},"end":{"line":27,"column":35}},"18":{"start":{"line":28,"column":6},"end":{"line":28,"column":23}},"19":{"start":{"line":29,"column":6},"end":{"line":29,"column":13}},"20":{"start":{"line":31,"column":4},"end":{"line":31,"column":29}},"21":{"start":{"line":35,"column":0},"end":{"line":35,"column":26}}},"fnMap":{"0":{"name":"(anonymous_0)","decl":{"start":{"line":7,"column":2},"end":{"line":7,"column":3}},"loc":{"start":{"line":7,"column":30},"end":{"line":19,"column":3}},"line":7},"1":{"name":"(anonymous_1)","decl":{"start":{"line":21,"column":2},"end":{"line":21,"column":3}},"loc":{"start":{"line":21,"column":28},"end":{"line":23,"column":3}},"line":21},"2":{"name":"(anonymous_2)","decl":{"start":{"line":25,"column":2},"end":{"line":25,"column":3}},"loc":{"start":{"line":25,"column":21},"end":{"line":32,"column":3}},"line":25}},"branchMap":{"0":{"loc":{"start":{"line":26,"column":4},"end":{"line":30,"column":5}},"type":"if","locations":[{"start":{"line":26,"column":4},"end":{"line":30,"column":5}},{"start":{},"end":{}}],"line":26}},"s":{"0":1,"1":1,"2":1,"3":1,"4":2,"5":2,"6":2,"7":2,"8":2,"9":2,"10":2,"11":2,"12":2,"13":2,"14":2,"15":0,"16":1,"17":1,"18":1,"19":1,"20":0,"21":1},"f":{"0":2,"1":0,"2":1},"b":{"0":[1,0]},"_coverageSchema":"1a1c01bbd47fc00a2c39e90264f33305004495a9","hash":"9be7448d532f36278b3d5cda0f9cb59dea87bf58"}
,"C:\\Users\\Klukv\\Desktop\\study\\JS\\final\\players\\Player.js": {"path":"C:\\Users\\Klukv\\Desktop\\study\\JS\\final\\players\\Player.js","statementMap":{"0":{"start":{"line":1,"column":16},"end":{"line":1,"column":41}},"1":{"start":{"line":5,"column":4},"end":{"line":5,"column":29}},"2":{"start":{"line":6,"column":4},"end":{"line":6,"column":21}},"3":{"start":{"line":7,"column":4},"end":{"line":7,"column":20}},"4":{"start":{"line":8,"column":4},"end":{"line":8,"column":20}},"5":{"start":{"line":9,"column":4},"end":{"line":9,"column":19}},"6":{"start":{"line":10,"column":4},"end":{"line":10,"column":21}},"7":{"start":{"line":11,"column":4},"end":{"line":11,"column":21}},"8":{"start":{"line":12,"column":4},"end":{"line":12,"column":19}},"9":{"start":{"line":13,"column":4},"end":{"line":13,"column":31}},"10":{"start":{"line":14,"column":4},"end":{"line":14,"column":28}},"11":{"start":{"line":15,"column":4},"end":{"line":15,"column":29}},"12":{"start":{"line":16,"column":4},"end":{"line":16,"column":31}},"13":{"start":{"line":20,"column":25},"end":{"line":20,"column":56}},"14":{"start":{"line":21,"column":4},"end":{"line":21,"column":44}},"15":{"start":{"line":25,"column":4},"end":{"line":27,"column":5}},"16":{"start":{"line":26,"column":6},"end":{"line":26,"column":15}},"17":{"start":{"line":28,"column":25},"end":{"line":28,"column":48}},"18":{"start":{"line":29,"column":4},"end":{"line":29,"column":70}},"19":{"start":{"line":33,"column":4},"end":{"line":33,"column":48}},"20":{"start":{"line":37,"column":4},"end":{"line":37,"column":27}},"21":{"start":{"line":41,"column":4},"end":{"line":41,"column":17}},"22":{"start":{"line":45,"column":4},"end":{"line":47,"column":5}},"23":{"start":{"line":46,"column":6},"end":{"line":46,"column":13}},"24":{"start":{"line":48,"column":18},"end":{"line":48,"column":48}},"25":{"start":{"line":49,"column":16},"end":{"line":49,"column":68}},"26":{"start":{"line":49,"column":41},"end":{"line":49,"column":67}},"27":{"start":{"line":50,"column":17},"end":{"line":50,"column":31}},"28":{"start":{"line":51,"column":28},"end":{"line":51,"column":53}},"29":{"start":{"line":52,"column":4},"end":{"line":52,"column":51}},"30":{"start":{"line":56,"column":17},"end":{"line":56,"column":47}},"31":{"start":{"line":57,"column":4},"end":{"line":57,"column":26}},"32":{"start":{"line":61,"column":17},"end":{"line":61,"column":47}},"33":{"start":{"line":62,"column":4},"end":{"line":62,"column":26}},"34":{"start":{"line":66,"column":4},"end":{"line":70,"column":5}},"35":{"start":{"line":67,"column":6},"end":{"line":67,"column":40}},"36":{"start":{"line":69,"column":6},"end":{"line":69,"column":31}},"37":{"start":{"line":74,"column":4},"end":{"line":74,"column":52}},"38":{"start":{"line":78,"column":4},"end":{"line":78,"column":72}},"39":{"start":{"line":82,"column":4},"end":{"line":86,"column":5}},"40":{"start":{"line":83,"column":6},"end":{"line":83,"column":37}},"41":{"start":{"line":84,"column":6},"end":{"line":84,"column":25}},"42":{"start":{"line":85,"column":6},"end":{"line":85,"column":13}},"43":{"start":{"line":87,"column":4},"end":{"line":89,"column":5}},"44":{"start":{"line":88,"column":6},"end":{"line":88,"column":13}},"45":{"start":{"line":90,"column":4},"end":{"line":90,"column":28}},"46":{"start":{"line":94,"column":16},"end":{"line":94,"column":56}},"47":{"start":{"line":95,"column":4},"end":{"line":97,"column":5}},"48":{"start":{"line":96,"column":6},"end":{"line":96,"column":13}},"49":{"start":{"line":99,"column":4},"end":{"line":99,"column":48}},"50":{"start":{"line":100,"column":4},"end":{"line":100,"column":23}},"51":{"start":{"line":102,"column":21},"end":{"line":102,"column":40}},"52":{"start":{"line":103,"column":14},"end":{"line":103,"column":38}},"53":{"start":{"line":104,"column":4},"end":{"line":109,"column":5}},"54":{"start":{"line":105,"column":6},"end":{"line":105,"column":25}},"55":{"start":{"line":106,"column":6},"end":{"line":106,"column":32}},"56":{"start":{"line":108,"column":6},"end":{"line":108,"column":28}},"57":{"start":{"line":110,"column":4},"end":{"line":110,"column":24}},"58":{"start":{"line":114,"column":17},"end":{"line":114,"column":65}},"59":{"start":{"line":114,"column":39},"end":{"line":114,"column":64}},"60":{"start":{"line":115,"column":4},"end":{"line":117,"column":5}},"61":{"start":{"line":116,"column":6},"end":{"line":116,"column":18}},"62":{"start":{"line":118,"column":4},"end":{"line":118,"column":69}},"63":{"start":{"line":118,"column":37},"end":{"line":118,"column":66}},"64":{"start":{"line":122,"column":4},"end":{"line":124,"column":5}},"65":{"start":{"line":123,"column":6},"end":{"line":123,"column":13}},"66":{"start":{"line":125,"column":18},"end":{"line":125,"column":48}},"67":{"start":{"line":126,"column":4},"end":{"line":130,"column":5}},"68":{"start":{"line":127,"column":6},"end":{"line":127,"column":50}},"69":{"start":{"line":128,"column":11},"end":{"line":130,"column":5}},"70":{"start":{"line":129,"column":6},"end":{"line":129,"column":59}},"71":{"start":{"line":134,"column":18},"end":{"line":134,"column":43}},"72":{"start":{"line":135,"column":4},"end":{"line":137,"column":5}},"73":{"start":{"line":136,"column":6},"end":{"line":136,"column":13}},"74":{"start":{"line":138,"column":4},"end":{"line":138,"column":28}},"75":{"start":{"line":139,"column":4},"end":{"line":139,"column":26}},"76":{"start":{"line":144,"column":14},"end":{"line":144,"column":15}},"77":{"start":{"line":145,"column":21},"end":{"line":145,"column":68}},"78":{"start":{"line":145,"column":27},"end":{"line":145,"column":68}},"79":{"start":{"line":145,"column":49},"end":{"line":145,"column":60}},"80":{"start":{"line":147,"column":2},"end":{"line":156,"column":3}},"81":{"start":{"line":148,"column":4},"end":{"line":148,"column":44}},"82":{"start":{"line":149,"column":4},"end":{"line":154,"column":5}},"83":{"start":{"line":150,"column":6},"end":{"line":153,"column":7}},"84":{"start":{"line":151,"column":8},"end":{"line":151,"column":69}},"85":{"start":{"line":152,"column":8},"end":{"line":152,"column":24}},"86":{"start":{"line":155,"column":4},"end":{"line":155,"column":12}},"87":{"start":{"line":158,"column":17},"end":{"line":158,"column":57}},"88":{"start":{"line":158,"column":37},"end":{"line":158,"column":48}},"89":{"start":{"line":159,"column":2},"end":{"line":163,"column":3}},"90":{"start":{"line":160,"column":4},"end":{"line":160,"column":45}},"91":{"start":{"line":162,"column":4},"end":{"line":162,"column":36}},"92":{"start":{"line":164,"column":2},"end":{"line":164,"column":16}},"93":{"start":{"line":167,"column":0},"end":{"line":167,"column":34}}},"fnMap":{"0":{"name":"(anonymous_0)","decl":{"start":{"line":4,"column":2},"end":{"line":4,"column":3}},"loc":{"start":{"line":4,"column":30},"end":{"line":17,"column":3}},"line":4},"1":{"name":"(anonymous_1)","decl":{"start":{"line":19,"column":2},"end":{"line":19,"column":3}},"loc":{"start":{"line":19,"column":12},"end":{"line":22,"column":3}},"line":19},"2":{"name":"(anonymous_2)","decl":{"start":{"line":24,"column":2},"end":{"line":24,"column":3}},"loc":{"start":{"line":24,"column":22},"end":{"line":30,"column":3}},"line":24},"3":{"name":"(anonymous_3)","decl":{"start":{"line":32,"column":2},"end":{"line":32,"column":3}},"loc":{"start":{"line":32,"column":21},"end":{"line":34,"column":3}},"line":32},"4":{"name":"(anonymous_4)","decl":{"start":{"line":36,"column":2},"end":{"line":36,"column":3}},"loc":{"start":{"line":36,"column":11},"end":{"line":38,"column":3}},"line":36},"5":{"name":"(anonymous_5)","decl":{"start":{"line":40,"column":2},"end":{"line":40,"column":3}},"loc":{"start":{"line":40,"column":28},"end":{"line":42,"column":3}},"line":40},"6":{"name":"(anonymous_6)","decl":{"start":{"line":44,"column":2},"end":{"line":44,"column":3}},"loc":{"start":{"line":44,"column":16},"end":{"line":53,"column":3}},"line":44},"7":{"name":"(anonymous_7)","decl":{"start":{"line":49,"column":32},"end":{"line":49,"column":33}},"loc":{"start":{"line":49,"column":41},"end":{"line":49,"column":67}},"line":49},"8":{"name":"(anonymous_8)","decl":{"start":{"line":55,"column":2},"end":{"line":55,"column":3}},"loc":{"start":{"line":55,"column":21},"end":{"line":58,"column":3}},"line":55},"9":{"name":"(anonymous_9)","decl":{"start":{"line":60,"column":2},"end":{"line":60,"column":3}},"loc":{"start":{"line":60,"column":22},"end":{"line":63,"column":3}},"line":60},"10":{"name":"(anonymous_10)","decl":{"start":{"line":65,"column":2},"end":{"line":65,"column":3}},"loc":{"start":{"line":65,"column":17},"end":{"line":71,"column":3}},"line":65},"11":{"name":"(anonymous_11)","decl":{"start":{"line":73,"column":2},"end":{"line":73,"column":3}},"loc":{"start":{"line":73,"column":20},"end":{"line":75,"column":3}},"line":73},"12":{"name":"(anonymous_12)","decl":{"start":{"line":77,"column":2},"end":{"line":77,"column":3}},"loc":{"start":{"line":77,"column":11},"end":{"line":79,"column":3}},"line":77},"13":{"name":"(anonymous_13)","decl":{"start":{"line":81,"column":2},"end":{"line":81,"column":3}},"loc":{"start":{"line":81,"column":21},"end":{"line":91,"column":3}},"line":81},"14":{"name":"(anonymous_14)","decl":{"start":{"line":93,"column":2},"end":{"line":93,"column":3}},"loc":{"start":{"line":93,"column":19},"end":{"line":111,"column":3}},"line":93},"15":{"name":"(anonymous_15)","decl":{"start":{"line":113,"column":2},"end":{"line":113,"column":3}},"loc":{"start":{"line":113,"column":23},"end":{"line":119,"column":3}},"line":113},"16":{"name":"(anonymous_16)","decl":{"start":{"line":114,"column":32},"end":{"line":114,"column":33}},"loc":{"start":{"line":114,"column":39},"end":{"line":114,"column":64}},"line":114},"17":{"name":"(anonymous_17)","decl":{"start":{"line":118,"column":23},"end":{"line":118,"column":24}},"loc":{"start":{"line":118,"column":37},"end":{"line":118,"column":66}},"line":118},"18":{"name":"(anonymous_18)","decl":{"start":{"line":121,"column":2},"end":{"line":121,"column":3}},"loc":{"start":{"line":121,"column":21},"end":{"line":131,"column":3}},"line":121},"19":{"name":"(anonymous_19)","decl":{"start":{"line":133,"column":2},"end":{"line":133,"column":3}},"loc":{"start":{"line":133,"column":16},"end":{"line":140,"column":3}},"line":133},"20":{"name":"play","decl":{"start":{"line":143,"column":9},"end":{"line":143,"column":13}},"loc":{"start":{"line":143,"column":23},"end":{"line":165,"column":1}},"line":143},"21":{"name":"(anonymous_21)","decl":{"start":{"line":145,"column":21},"end":{"line":145,"column":22}},"loc":{"start":{"line":145,"column":27},"end":{"line":145,"column":68}},"line":145},"22":{"name":"(anonymous_22)","decl":{"start":{"line":145,"column":42},"end":{"line":145,"column":43}},"loc":{"start":{"line":145,"column":49},"end":{"line":145,"column":60}},"line":145},"23":{"name":"(anonymous_23)","decl":{"start":{"line":158,"column":30},"end":{"line":158,"column":31}},"loc":{"start":{"line":158,"column":37},"end":{"line":158,"column":48}},"line":158}},"branchMap":{"0":{"loc":{"start":{"line":25,"column":4},"end":{"line":27,"column":5}},"type":"if","locations":[{"start":{"line":25,"column":4},"end":{"line":27,"column":5}},{"start":{},"end":{}}],"line":25},"1":{"loc":{"start":{"line":45,"column":4},"end":{"line":47,"column":5}},"type":"if","locations":[{"start":{"line":45,"column":4},"end":{"line":47,"column":5}},{"start":{},"end":{}}],"line":45},"2":{"loc":{"start":{"line":52,"column":18},"end":{"line":52,"column":50}},"type":"cond-expr","locations":[{"start":{"line":52,"column":25},"end":{"line":52,"column":35}},{"start":{"line":52,"column":38},"end":{"line":52,"column":50}}],"line":52},"3":{"loc":{"start":{"line":66,"column":4},"end":{"line":70,"column":5}},"type":"if","locations":[{"start":{"line":66,"column":4},"end":{"line":70,"column":5}},{"start":{"line":68,"column":11},"end":{"line":70,"column":5}}],"line":66},"4":{"loc":{"start":{"line":82,"column":4},"end":{"line":86,"column":5}},"type":"if","locations":[{"start":{"line":82,"column":4},"end":{"line":86,"column":5}},{"start":{},"end":{}}],"line":82},"5":{"loc":{"start":{"line":87,"column":4},"end":{"line":89,"column":5}},"type":"if","locations":[{"start":{"line":87,"column":4},"end":{"line":89,"column":5}},{"start":{},"end":{}}],"line":87},"6":{"loc":{"start":{"line":95,"column":4},"end":{"line":97,"column":5}},"type":"if","locations":[{"start":{"line":95,"column":4},"end":{"line":97,"column":5}},{"start":{},"end":{}}],"line":95},"7":{"loc":{"start":{"line":102,"column":21},"end":{"line":102,"column":40}},"type":"cond-expr","locations":[{"start":{"line":102,"column":33},"end":{"line":102,"column":34}},{"start":{"line":102,"column":37},"end":{"line":102,"column":40}}],"line":102},"8":{"loc":{"start":{"line":104,"column":4},"end":{"line":109,"column":5}},"type":"if","locations":[{"start":{"line":104,"column":4},"end":{"line":109,"column":5}},{"start":{"line":107,"column":11},"end":{"line":109,"column":5}}],"line":104},"9":{"loc":{"start":{"line":114,"column":39},"end":{"line":114,"column":64}},"type":"binary-expr","locations":[{"start":{"line":114,"column":39},"end":{"line":114,"column":49}},{"start":{"line":114,"column":53},"end":{"line":114,"column":64}}],"line":114},"10":{"loc":{"start":{"line":115,"column":4},"end":{"line":117,"column":5}},"type":"if","locations":[{"start":{"line":115,"column":4},"end":{"line":117,"column":5}},{"start":{},"end":{}}],"line":115},"11":{"loc":{"start":{"line":118,"column":37},"end":{"line":118,"column":66}},"type":"cond-expr","locations":[{"start":{"line":118,"column":58},"end":{"line":118,"column":59}},{"start":{"line":118,"column":62},"end":{"line":118,"column":66}}],"line":118},"12":{"loc":{"start":{"line":122,"column":4},"end":{"line":124,"column":5}},"type":"if","locations":[{"start":{"line":122,"column":4},"end":{"line":124,"column":5}},{"start":{},"end":{}}],"line":122},"13":{"loc":{"start":{"line":126,"column":4},"end":{"line":130,"column":5}},"type":"if","locations":[{"start":{"line":126,"column":4},"end":{"line":130,"column":5}},{"start":{"line":128,"column":11},"end":{"line":130,"column":5}}],"line":126},"14":{"loc":{"start":{"line":128,"column":11},"end":{"line":130,"column":5}},"type":"if","locations":[{"start":{"line":128,"column":11},"end":{"line":130,"column":5}},{"start":{},"end":{}}],"line":128},"15":{"loc":{"start":{"line":135,"column":4},"end":{"line":137,"column":5}},"type":"if","locations":[{"start":{"line":135,"column":4},"end":{"line":137,"column":5}},{"start":{},"end":{}}],"line":135},"16":{"loc":{"start":{"line":147,"column":9},"end":{"line":147,"column":40}},"type":"binary-expr","locations":[{"start":{"line":147,"column":9},"end":{"line":147,"column":25}},{"start":{"line":147,"column":29},"end":{"line":147,"column":40}}],"line":147},"17":{"loc":{"start":{"line":150,"column":6},"end":{"line":153,"column":7}},"type":"if","locations":[{"start":{"line":150,"column":6},"end":{"line":153,"column":7}},{"start":{},"end":{}}],"line":150},"18":{"loc":{"start":{"line":158,"column":17},"end":{"line":158,"column":57}},"type":"binary-expr","locations":[{"start":{"line":158,"column":17},"end":{"line":158,"column":49}},{"start":{"line":158,"column":53},"end":{"line":158,"column":57}}],"line":158},"19":{"loc":{"start":{"line":159,"column":2},"end":{"line":163,"column":3}},"type":"if","locations":[{"start":{"line":159,"column":2},"end":{"line":163,"column":3}},{"start":{"line":161,"column":9},"end":{"line":163,"column":3}}],"line":159}},"s":{"0":1,"1":21,"2":21,"3":21,"4":21,"5":21,"6":21,"7":21,"8":21,"9":21,"10":21,"11":21,"12":21,"13":0,"14":0,"15":3,"16":1,"17":2,"18":2,"19":11,"20":11,"21":0,"22":7,"23":7,"24":0,"25":0,"26":0,"27":0,"28":0,"29":0,"30":2,"31":2,"32":4,"33":4,"34":1,"35":1,"36":0,"37":0,"38":0,"39":3,"40":1,"41":1,"42":1,"43":2,"44":0,"45":2,"46":4,"47":4,"48":1,"49":3,"50":3,"51":3,"52":3,"53":3,"54":1,"55":1,"56":2,"57":3,"58":2,"59":5,"60":2,"61":0,"62":2,"63":1,"64":1,"65":0,"66":1,"67":1,"68":1,"69":0,"70":0,"71":1,"72":1,"73":0,"74":1,"75":1,"76":1,"77":1,"78":2,"79":4,"80":1,"81":1,"82":1,"83":2,"84":1,"85":1,"86":1,"87":1,"88":1,"89":1,"90":1,"91":0,"92":1,"93":1},"f":{"0":21,"1":0,"2":3,"3":11,"4":11,"5":0,"6":7,"7":0,"8":2,"9":4,"10":1,"11":0,"12":0,"13":3,"14":4,"15":2,"16":5,"17":1,"18":1,"19":1,"20":1,"21":2,"22":4,"23":1},"b":{"0":[1,2],"1":[7,0],"2":[0,0],"3":[1,0],"4":[1,2],"5":[0,2],"6":[1,3],"7":[1,2],"8":[1,2],"9":[5,3],"10":[0,2],"11":[0,1],"12":[0,1],"13":[1,0],"14":[0,0],"15":[0,1],"16":[2,1],"17":[1,1],"18":[1,0],"19":[1,0]},"_coverageSchema":"1a1c01bbd47fc00a2c39e90264f33305004495a9","hash":"c02f5828b6edec467acf3dc9330d5cd8f83c6d83"}
,"C:\\Users\\Klukv\\Desktop\\study\\JS\\final\\players\\Warrior.js": {"path":"C:\\Users\\Klukv\\Desktop\\study\\JS\\final\\players\\Warrior.js","statementMap":{"0":{"start":{"line":1,"column":19},"end":{"line":1,"column":38}},"1":{"start":{"line":2,"column":18},"end":{"line":2,"column":45}},"2":{"start":{"line":3,"column":18},"end":{"line":3,"column":45}},"3":{"start":{"line":4,"column":16},"end":{"line":4,"column":41}},"4":{"start":{"line":8,"column":4},"end":{"line":8,"column":26}},"5":{"start":{"line":9,"column":4},"end":{"line":9,"column":20}},"6":{"start":{"line":10,"column":4},"end":{"line":10,"column":20}},"7":{"start":{"line":11,"column":4},"end":{"line":11,"column":19}},"8":{"start":{"line":12,"column":4},"end":{"line":12,"column":21}},"9":{"start":{"line":13,"column":4},"end":{"line":13,"column":21}},"10":{"start":{"line":14,"column":4},"end":{"line":14,"column":19}},"11":{"start":{"line":15,"column":4},"end":{"line":15,"column":30}},"12":{"start":{"line":16,"column":4},"end":{"line":16,"column":30}},"13":{"start":{"line":17,"column":4},"end":{"line":17,"column":23}},"14":{"start":{"line":18,"column":4},"end":{"line":18,"column":31}},"15":{"start":{"line":22,"column":4},"end":{"line":22,"column":31}},"16":{"start":{"line":26,"column":18},"end":{"line":26,"column":48}},"17":{"start":{"line":27,"column":4},"end":{"line":37,"column":5}},"18":{"start":{"line":28,"column":6},"end":{"line":36,"column":7}},"19":{"start":{"line":29,"column":25},"end":{"line":29,"column":53}},"20":{"start":{"line":30,"column":8},"end":{"line":30,"column":31}},"21":{"start":{"line":31,"column":21},"end":{"line":31,"column":38}},"22":{"start":{"line":32,"column":8},"end":{"line":34,"column":9}},"23":{"start":{"line":33,"column":10},"end":{"line":33,"column":33}},"24":{"start":{"line":35,"column":8},"end":{"line":35,"column":15}},"25":{"start":{"line":38,"column":4},"end":{"line":38,"column":29}},"26":{"start":{"line":42,"column":0},"end":{"line":42,"column":29}}},"fnMap":{"0":{"name":"(anonymous_0)","decl":{"start":{"line":7,"column":2},"end":{"line":7,"column":3}},"loc":{"start":{"line":7,"column":30},"end":{"line":19,"column":3}},"line":7},"1":{"name":"(anonymous_1)","decl":{"start":{"line":21,"column":2},"end":{"line":21,"column":3}},"loc":{"start":{"line":21,"column":28},"end":{"line":23,"column":3}},"line":21},"2":{"name":"(anonymous_2)","decl":{"start":{"line":25,"column":2},"end":{"line":25,"column":3}},"loc":{"start":{"line":25,"column":21},"end":{"line":39,"column":3}},"line":25}},"branchMap":{"0":{"loc":{"start":{"line":27,"column":4},"end":{"line":37,"column":5}},"type":"if","locations":[{"start":{"line":27,"column":4},"end":{"line":37,"column":5}},{"start":{},"end":{}}],"line":27},"1":{"loc":{"start":{"line":27,"column":8},"end":{"line":27,"column":37}},"type":"binary-expr","locations":[{"start":{"line":27,"column":8},"end":{"line":27,"column":13}},{"start":{"line":27,"column":17},"end":{"line":27,"column":37}}],"line":27},"2":{"loc":{"start":{"line":28,"column":6},"end":{"line":36,"column":7}},"type":"if","locations":[{"start":{"line":28,"column":6},"end":{"line":36,"column":7}},{"start":{},"end":{}}],"line":28},"3":{"loc":{"start":{"line":32,"column":8},"end":{"line":34,"column":9}},"type":"if","locations":[{"start":{"line":32,"column":8},"end":{"line":34,"column":9}},{"start":{},"end":{}}],"line":32}},"s":{"0":1,"1":1,"2":1,"3":1,"4":7,"5":7,"6":7,"7":7,"8":7,"9":7,"10":7,"11":7,"12":7,"13":7,"14":7,"15":0,"16":7,"17":7,"18":1,"19":1,"20":1,"21":1,"22":1,"23":0,"24":1,"25":6,"26":1},"f":{"0":7,"1":0,"2":7},"b":{"0":[1,6],"1":[7,1],"2":[1,0],"3":[0,1]},"_coverageSchema":"1a1c01bbd47fc00a2c39e90264f33305004495a9","hash":"1218a7c8d17976c818e33c08ff046d4180b83eb1"}
,"C:\\Users\\Klukv\\Desktop\\study\\JS\\final\\weapons\\Arm.js": {"path":"C:\\Users\\Klukv\\Desktop\\study\\JS\\final\\weapons\\Arm.js","statementMap":{"0":{"start":{"line":1,"column":19},"end":{"line":1,"column":38}},"1":{"start":{"line":5,"column":4},"end":{"line":5,"column":34}},"2":{"start":{"line":9,"column":0},"end":{"line":9,"column":25}}},"fnMap":{"0":{"name":"(anonymous_0)","decl":{"start":{"line":4,"column":2},"end":{"line":4,"column":3}},"loc":{"start":{"line":4,"column":16},"end":{"line":6,"column":3}},"line":4}},"branchMap":{},"s":{"0":1,"1":22,"2":1},"f":{"0":22},"b":{},"_coverageSchema":"1a1c01bbd47fc00a2c39e90264f33305004495a9","hash":"ec18e9ca9f82c9b3ec99bba683b059fe88dc3611"}
,"C:\\Users\\Klukv\\Desktop\\study\\JS\\final\\weapons\\Axe.js": {"path":"C:\\Users\\Klukv\\Desktop\\study\\JS\\final\\weapons\\Axe.js","statementMap":{"0":{"start":{"line":1,"column":18},"end":{"line":1,"column":36}},"1":{"start":{"line":5,"column":4},"end":{"line":5,"column":12}},"2":{"start":{"line":6,"column":4},"end":{"line":6,"column":25}},"3":{"start":{"line":7,"column":4},"end":{"line":7,"column":21}},"4":{"start":{"line":8,"column":4},"end":{"line":8,"column":26}},"5":{"start":{"line":9,"column":4},"end":{"line":9,"column":30}},"6":{"start":{"line":13,"column":0},"end":{"line":13,"column":25}}},"fnMap":{"0":{"name":"(anonymous_0)","decl":{"start":{"line":4,"column":2},"end":{"line":4,"column":3}},"loc":{"start":{"line":4,"column":16},"end":{"line":10,"column":3}},"line":4}},"branchMap":{},"s":{"0":1,"1":2,"2":2,"3":2,"4":2,"5":2,"6":1},"f":{"0":2},"b":{},"_coverageSchema":"1a1c01bbd47fc00a2c39e90264f33305004495a9","hash":"74e35643910e5979bc53270b21a8e7bea68f3a5d"}
,"C:\\Users\\Klukv\\Desktop\\study\\JS\\final\\weapons\\Bow.js": {"path":"C:\\Users\\Klukv\\Desktop\\study\\JS\\final\\weapons\\Bow.js","statementMap":{"0":{"start":{"line":1,"column":19},"end":{"line":1,"column":38}},"1":{"start":{"line":5,"column":4},"end":{"line":5,"column":29}},"2":{"start":{"line":9,"column":0},"end":{"line":9,"column":25}}},"fnMap":{"0":{"name":"(anonymous_0)","decl":{"start":{"line":4,"column":2},"end":{"line":4,"column":3}},"loc":{"start":{"line":4,"column":16},"end":{"line":6,"column":3}},"line":4}},"branchMap":{},"s":{"0":1,"1":9,"2":1},"f":{"0":9},"b":{},"_coverageSchema":"1a1c01bbd47fc00a2c39e90264f33305004495a9","hash":"1a823940522ccee2375fa634c29a68fcea03c1f6"}
,"C:\\Users\\Klukv\\Desktop\\study\\JS\\final\\weapons\\Knife.js": {"path":"C:\\Users\\Klukv\\Desktop\\study\\JS\\final\\weapons\\Knife.js","statementMap":{"0":{"start":{"line":1,"column":19},"end":{"line":1,"column":38}},"1":{"start":{"line":5,"column":4},"end":{"line":5,"column":28}},"2":{"start":{"line":9,"column":0},"end":{"line":9,"column":27}}},"fnMap":{"0":{"name":"(anonymous_0)","decl":{"start":{"line":4,"column":2},"end":{"line":4,"column":3}},"loc":{"start":{"line":4,"column":16},"end":{"line":6,"column":3}},"line":4}},"branchMap":{},"s":{"0":1,"1":1,"2":1},"f":{"0":1},"b":{},"_coverageSchema":"1a1c01bbd47fc00a2c39e90264f33305004495a9","hash":"468647f2baa7ceb2210d64463d41ccc471432ce3"}
,"C:\\Users\\Klukv\\Desktop\\study\\JS\\final\\weapons\\LongBow.js": {"path":"C:\\Users\\Klukv\\Desktop\\study\\JS\\final\\weapons\\LongBow.js","statementMap":{"0":{"start":{"line":1,"column":16},"end":{"line":1,"column":32}},"1":{"start":{"line":5,"column":4},"end":{"line":5,"column":12}},"2":{"start":{"line":6,"column":4},"end":{"line":6,"column":30}},"3":{"start":{"line":7,"column":4},"end":{"line":7,"column":21}},"4":{"start":{"line":8,"column":4},"end":{"line":8,"column":19}},"5":{"start":{"line":12,"column":0},"end":{"line":12,"column":29}}},"fnMap":{"0":{"name":"(anonymous_0)","decl":{"start":{"line":4,"column":2},"end":{"line":4,"column":3}},"loc":{"start":{"line":4,"column":16},"end":{"line":9,"column":3}},"line":4}},"branchMap":{},"s":{"0":1,"1":2,"2":2,"3":2,"4":2,"5":1},"f":{"0":2},"b":{},"_coverageSchema":"1a1c01bbd47fc00a2c39e90264f33305004495a9","hash":"197097c0b955105b191932780dd943a89347193a"}
,"C:\\Users\\Klukv\\Desktop\\study\\JS\\final\\weapons\\Staff.js": {"path":"C:\\Users\\Klukv\\Desktop\\study\\JS\\final\\weapons\\Staff.js","statementMap":{"0":{"start":{"line":1,"column":19},"end":{"line":1,"column":38}},"1":{"start":{"line":5,"column":4},"end":{"line":5,"column":30}},"2":{"start":{"line":9,"column":0},"end":{"line":9,"column":27}}},"fnMap":{"0":{"name":"(anonymous_0)","decl":{"start":{"line":4,"column":2},"end":{"line":4,"column":3}},"loc":{"start":{"line":4,"column":16},"end":{"line":6,"column":3}},"line":4}},"branchMap":{},"s":{"0":1,"1":5,"2":1},"f":{"0":5},"b":{},"_coverageSchema":"1a1c01bbd47fc00a2c39e90264f33305004495a9","hash":"77b6358f3334384c7e2d7ebaab5bf6deb70a3c8c"}
,"C:\\Users\\Klukv\\Desktop\\study\\JS\\final\\weapons\\StormStaff.js": {"path":"C:\\Users\\Klukv\\Desktop\\study\\JS\\final\\weapons\\StormStaff.js","statementMap":{"0":{"start":{"line":1,"column":18},"end":{"line":1,"column":36}},"1":{"start":{"line":5,"column":4},"end":{"line":5,"column":12}},"2":{"start":{"line":6,"column":4},"end":{"line":6,"column":29}},"3":{"start":{"line":7,"column":4},"end":{"line":7,"column":21}},"4":{"start":{"line":8,"column":4},"end":{"line":8,"column":19}},"5":{"start":{"line":12,"column":0},"end":{"line":12,"column":32}}},"fnMap":{"0":{"name":"(anonymous_0)","decl":{"start":{"line":4,"column":2},"end":{"line":4,"column":3}},"loc":{"start":{"line":4,"column":16},"end":{"line":9,"column":3}},"line":4}},"branchMap":{},"s":{"0":1,"1":2,"2":2,"3":2,"4":2,"5":1},"f":{"0":2},"b":{},"_coverageSchema":"1a1c01bbd47fc00a2c39e90264f33305004495a9","hash":"789173054be44cdb2a155a631eb0cdb9daebdc9e"}
,"C:\\Users\\Klukv\\Desktop\\study\\JS\\final\\weapons\\Sword.js": {"path":"C:\\Users\\Klukv\\Desktop\\study\\JS\\final\\weapons\\Sword.js","statementMap":{"0":{"start":{"line":1,"column":19},"end":{"line":1,"column":38}},"1":{"start":{"line":5,"column":4},"end":{"line":5,"column":29}},"2":{"start":{"line":9,"column":0},"end":{"line":9,"column":27}}},"fnMap":{"0":{"name":"(anonymous_0)","decl":{"start":{"line":4,"column":2},"end":{"line":4,"column":3}},"loc":{"start":{"line":4,"column":16},"end":{"line":6,"column":3}},"line":4}},"branchMap":{},"s":{"0":1,"1":10,"2":1},"f":{"0":10},"b":{},"_coverageSchema":"1a1c01bbd47fc00a2c39e90264f33305004495a9","hash":"a17fd38acede5a4d471f7e71656f3524db929c38"}
,"C:\\Users\\Klukv\\Desktop\\study\\JS\\final\\weapons\\Weapon.js": {"path":"C:\\Users\\Klukv\\Desktop\\study\\JS\\final\\weapons\\Weapon.js","statementMap":{"0":{"start":{"line":3,"column":4},"end":{"line":3,"column":21}},"1":{"start":{"line":4,"column":4},"end":{"line":4,"column":25}},"2":{"start":{"line":5,"column":4},"end":{"line":5,"column":33}},"3":{"start":{"line":6,"column":4},"end":{"line":6,"column":37}},"4":{"start":{"line":7,"column":4},"end":{"line":7,"column":23}},"5":{"start":{"line":11,"column":4},"end":{"line":13,"column":5}},"6":{"start":{"line":12,"column":6},"end":{"line":12,"column":13}},"7":{"start":{"line":14,"column":4},"end":{"line":14,"column":60}},"8":{"start":{"line":18,"column":4},"end":{"line":20,"column":5}},"9":{"start":{"line":19,"column":6},"end":{"line":19,"column":15}},"10":{"start":{"line":21,"column":4},"end":{"line":23,"column":5}},"11":{"start":{"line":22,"column":6},"end":{"line":22,"column":15}},"12":{"start":{"line":24,"column":4},"end":{"line":26,"column":5}},"13":{"start":{"line":25,"column":6},"end":{"line":25,"column":25}},"14":{"start":{"line":27,"column":22},"end":{"line":27,"column":47}},"15":{"start":{"line":28,"column":4},"end":{"line":30,"column":5}},"16":{"start":{"line":29,"column":6},"end":{"line":29,"column":25}},"17":{"start":{"line":31,"column":4},"end":{"line":31,"column":27}},"18":{"start":{"line":35,"column":4},"end":{"line":35,"column":33}},"19":{"start":{"line":39,"column":0},"end":{"line":39,"column":28}}},"fnMap":{"0":{"name":"(anonymous_0)","decl":{"start":{"line":2,"column":2},"end":{"line":2,"column":3}},"loc":{"start":{"line":2,"column":47},"end":{"line":8,"column":3}},"line":2},"1":{"name":"(anonymous_1)","decl":{"start":{"line":10,"column":2},"end":{"line":10,"column":3}},"loc":{"start":{"line":10,"column":21},"end":{"line":15,"column":3}},"line":10},"2":{"name":"(anonymous_2)","decl":{"start":{"line":17,"column":2},"end":{"line":17,"column":3}},"loc":{"start":{"line":17,"column":14},"end":{"line":32,"column":3}},"line":17},"3":{"name":"(anonymous_3)","decl":{"start":{"line":34,"column":2},"end":{"line":34,"column":3}},"loc":{"start":{"line":34,"column":13},"end":{"line":36,"column":3}},"line":34}},"branchMap":{"0":{"loc":{"start":{"line":11,"column":4},"end":{"line":13,"column":5}},"type":"if","locations":[{"start":{"line":11,"column":4},"end":{"line":13,"column":5}},{"start":{},"end":{}}],"line":11},"1":{"loc":{"start":{"line":18,"column":4},"end":{"line":20,"column":5}},"type":"if","locations":[{"start":{"line":18,"column":4},"end":{"line":20,"column":5}},{"start":{},"end":{}}],"line":18},"2":{"loc":{"start":{"line":21,"column":4},"end":{"line":23,"column":5}},"type":"if","locations":[{"start":{"line":21,"column":4},"end":{"line":23,"column":5}},{"start":{},"end":{}}],"line":21},"3":{"loc":{"start":{"line":24,"column":4},"end":{"line":26,"column":5}},"type":"if","locations":[{"start":{"line":24,"column":4},"end":{"line":26,"column":5}},{"start":{},"end":{}}],"line":24},"4":{"loc":{"start":{"line":28,"column":4},"end":{"line":30,"column":5}},"type":"if","locations":[{"start":{"line":28,"column":4},"end":{"line":30,"column":5}},{"start":{},"end":{}}],"line":28}},"s":{"0":48,"1":48,"2":48,"3":48,"4":48,"5":11,"6":1,"7":10,"8":8,"9":0,"10":8,"11":1,"12":7,"13":1,"14":6,"15":6,"16":5,"17":1,"18":9,"19":1},"f":{"0":48,"1":11,"2":8,"3":9},"b":{"0":[1,10],"1":[0,8],"2":[1,7],"3":[1,6],"4":[5,1]},"_coverageSchema":"1a1c01bbd47fc00a2c39e90264f33305004495a9","hash":"57b44ff244514e48ac7385d924f7d2232916348c"}
}
