TN:
SF:players\Archer.js
FN:7,(anonymous_0)
FN:21,(anonymous_1)
FN:25,(anonymous_2)
FNF:3
FNH:2
FNDA:6,(anonymous_0)
FNDA:0,(anonymous_1)
FNDA:1,(anonymous_2)
DA:1,1
DA:2,1
DA:3,1
DA:4,1
DA:8,6
DA:9,6
DA:10,6
DA:11,6
DA:12,6
DA:13,6
DA:14,6
DA:15,6
DA:16,6
DA:17,6
DA:18,6
DA:22,0
DA:26,1
DA:27,0
DA:29,1
DA:30,1
DA:31,1
DA:38,1
LF:22
LH:20
BRDA:26,0,0,0
BRDA:26,0,1,1
BRF:2
BRH:1
end_of_record
TN:
SF:players\Crossbowman.js
FN:7,(anonymous_0)
FN:18,(anonymous_1)
FNF:2
FNH:1
FNDA:1,(anonymous_0)
FNDA:0,(anonymous_1)
DA:1,1
DA:2,1
DA:3,1
DA:4,1
DA:8,1
DA:9,1
DA:10,1
DA:11,1
DA:12,1
DA:13,1
DA:14,1
DA:15,1
DA:19,0
DA:23,1
LF:14
LH:13
BRF:0
BRH:0
end_of_record
TN:
SF:players\Demiurge.js
FN:7,(anonymous_0)
FN:19,(anonymous_1)
FN:23,(anonymous_2)
FNF:3
FNH:2
FNDA:1,(anonymous_0)
FNDA:0,(anonymous_1)
FNDA:1,(anonymous_2)
DA:1,1
DA:2,1
DA:3,1
DA:4,1
DA:8,1
DA:9,1
DA:10,1
DA:11,1
DA:12,1
DA:13,1
DA:14,1
DA:15,1
DA:16,1
DA:20,0
DA:24,1
DA:25,1
DA:26,0
DA:28,1
DA:29,1
DA:31,0
DA:35,1
LF:21
LH:18
BRDA:25,0,0,0
BRDA:25,0,1,1
BRDA:28,1,0,1
BRDA:28,1,1,0
BRDA:28,2,0,1
BRDA:28,2,1,1
BRF:6
BRH:4
end_of_record
TN:
SF:players\Dwarf.js
FN:7,(anonymous_0)
FN:18,(anonymous_1)
FN:22,(anonymous_2)
FNF:3
FNH:2
FNDA:1,(anonymous_0)
FNDA:0,(anonymous_1)
FNDA:6,(anonymous_2)
DA:1,1
DA:2,1
DA:3,1
DA:4,1
DA:8,1
DA:9,1
DA:10,1
DA:11,1
DA:12,1
DA:13,1
DA:14,1
DA:15,1
DA:19,0
DA:23,6
DA:24,6
DA:25,6
DA:26,1
DA:28,6
DA:32,1
LF:19
LH:18
BRDA:25,0,0,1
BRDA:25,0,1,5
BRDA:25,1,0,6
BRDA:25,1,1,1
BRF:4
BRH:4
end_of_record
TN:
SF:players\Mage.js
FN:7,(anonymous_0)
FN:21,(anonymous_1)
FN:25,(anonymous_2)
FNF:3
FNH:2
FNDA:2,(anonymous_0)
FNDA:0,(anonymous_1)
FNDA:1,(anonymous_2)
DA:1,1
DA:2,1
DA:3,1
DA:4,1
DA:8,2
DA:9,2
DA:10,2
DA:11,2
DA:12,2
DA:13,2
DA:14,2
DA:15,2
DA:16,2
DA:17,2
DA:18,2
DA:22,0
DA:26,1
DA:27,1
DA:28,1
DA:29,1
DA:31,0
DA:35,1
LF:22
LH:20
BRDA:26,0,0,1
BRDA:26,0,1,0
BRF:2
BRH:1
end_of_record
TN:
SF:players\Player.js
FN:4,(anonymous_0)
FN:19,(anonymous_1)
FN:24,(anonymous_2)
FN:32,(anonymous_3)
FN:36,(anonymous_4)
FN:40,(anonymous_5)
FN:44,(anonymous_6)
FN:49,(anonymous_7)
FN:55,(anonymous_8)
FN:60,(anonymous_9)
FN:65,(anonymous_10)
FN:73,(anonymous_11)
FN:77,(anonymous_12)
FN:81,(anonymous_13)
FN:93,(anonymous_14)
FN:113,(anonymous_15)
FN:114,(anonymous_16)
FN:118,(anonymous_17)
FN:121,(anonymous_18)
FN:133,(anonymous_19)
FN:143,play
FN:145,(anonymous_21)
FN:145,(anonymous_22)
FN:158,(anonymous_23)
FNF:24
FNH:19
FNDA:21,(anonymous_0)
FNDA:0,(anonymous_1)
FNDA:3,(anonymous_2)
FNDA:11,(anonymous_3)
FNDA:11,(anonymous_4)
FNDA:0,(anonymous_5)
FNDA:7,(anonymous_6)
FNDA:0,(anonymous_7)
FNDA:2,(anonymous_8)
FNDA:4,(anonymous_9)
FNDA:1,(anonymous_10)
FNDA:0,(anonymous_11)
FNDA:0,(anonymous_12)
FNDA:3,(anonymous_13)
FNDA:4,(anonymous_14)
FNDA:2,(anonymous_15)
FNDA:5,(anonymous_16)
FNDA:1,(anonymous_17)
FNDA:1,(anonymous_18)
FNDA:1,(anonymous_19)
FNDA:1,play
FNDA:2,(anonymous_21)
FNDA:4,(anonymous_22)
FNDA:1,(anonymous_23)
DA:1,1
DA:5,21
DA:6,21
DA:7,21
DA:8,21
DA:9,21
DA:10,21
DA:11,21
DA:12,21
DA:13,21
DA:14,21
DA:15,21
DA:16,21
DA:20,0
DA:21,0
DA:25,3
DA:26,1
DA:28,2
DA:29,2
DA:33,11
DA:37,11
DA:41,0
DA:45,7
DA:46,7
DA:48,0
DA:49,0
DA:50,0
DA:51,0
DA:52,0
DA:56,2
DA:57,2
DA:61,4
DA:62,4
DA:66,1
DA:67,1
DA:69,0
DA:74,0
DA:78,0
DA:82,3
DA:83,1
DA:84,1
DA:85,1
DA:87,2
DA:88,0
DA:90,2
DA:94,4
DA:95,4
DA:96,1
DA:99,3
DA:100,3
DA:102,3
DA:103,3
DA:104,3
DA:105,1
DA:106,1
DA:108,2
DA:110,3
DA:114,5
DA:115,2
DA:116,0
DA:118,2
DA:122,1
DA:123,0
DA:125,1
DA:126,1
DA:127,1
DA:128,0
DA:129,0
DA:134,1
DA:135,1
DA:136,0
DA:138,1
DA:139,1
DA:144,1
DA:145,4
DA:147,1
DA:148,1
DA:149,1
DA:150,2
DA:151,1
DA:152,1
DA:155,1
DA:158,1
DA:159,1
DA:160,1
DA:162,0
DA:164,1
DA:167,1
LF:88
LH:70
BRDA:25,0,0,1
BRDA:25,0,1,2
BRDA:45,1,0,7
BRDA:45,1,1,0
BRDA:52,2,0,0
BRDA:52,2,1,0
BRDA:66,3,0,1
BRDA:66,3,1,0
BRDA:82,4,0,1
BRDA:82,4,1,2
BRDA:87,5,0,0
BRDA:87,5,1,2
BRDA:95,6,0,1
BRDA:95,6,1,3
BRDA:102,7,0,1
BRDA:102,7,1,2
BRDA:104,8,0,1
BRDA:104,8,1,2
BRDA:114,9,0,5
BRDA:114,9,1,3
BRDA:115,10,0,0
BRDA:115,10,1,2
BRDA:118,11,0,0
BRDA:118,11,1,1
BRDA:122,12,0,0
BRDA:122,12,1,1
BRDA:126,13,0,1
BRDA:126,13,1,0
BRDA:128,14,0,0
BRDA:128,14,1,0
BRDA:135,15,0,0
BRDA:135,15,1,1
BRDA:147,16,0,2
BRDA:147,16,1,1
BRDA:150,17,0,1
BRDA:150,17,1,1
BRDA:158,18,0,1
BRDA:158,18,1,0
BRDA:159,19,0,1
BRDA:159,19,1,0
BRF:40
BRH:26
end_of_record
TN:
SF:players\Warrior.js
FN:7,(anonymous_0)
FN:21,(anonymous_1)
FN:25,(anonymous_2)
FNF:3
FNH:2
FNDA:7,(anonymous_0)
FNDA:0,(anonymous_1)
FNDA:7,(anonymous_2)
DA:1,1
DA:2,1
DA:3,1
DA:4,1
DA:8,7
DA:9,7
DA:10,7
DA:11,7
DA:12,7
DA:13,7
DA:14,7
DA:15,7
DA:16,7
DA:17,7
DA:18,7
DA:22,0
DA:26,7
DA:27,7
DA:28,1
DA:29,1
DA:30,1
DA:31,1
DA:32,1
DA:33,0
DA:35,1
DA:38,6
DA:42,1
LF:27
LH:25
BRDA:27,0,0,1
BRDA:27,0,1,6
BRDA:27,1,0,7
BRDA:27,1,1,1
BRDA:28,2,0,1
BRDA:28,2,1,0
BRDA:32,3,0,0
BRDA:32,3,1,1
BRF:8
BRH:6
end_of_record
TN:
SF:weapons\Arm.js
FN:4,(anonymous_0)
FNF:1
FNH:1
FNDA:22,(anonymous_0)
DA:1,1
DA:5,22
DA:9,1
LF:3
LH:3
BRF:0
BRH:0
end_of_record
TN:
SF:weapons\Axe.js
FN:4,(anonymous_0)
FNF:1
FNH:1
FNDA:2,(anonymous_0)
DA:1,1
DA:5,2
DA:6,2
DA:7,2
DA:8,2
DA:9,2
DA:13,1
LF:7
LH:7
BRF:0
BRH:0
end_of_record
TN:
SF:weapons\Bow.js
FN:4,(anonymous_0)
FNF:1
FNH:1
FNDA:9,(anonymous_0)
DA:1,1
DA:5,9
DA:9,1
LF:3
LH:3
BRF:0
BRH:0
end_of_record
TN:
SF:weapons\Knife.js
FN:4,(anonymous_0)
FNF:1
FNH:1
FNDA:1,(anonymous_0)
DA:1,1
DA:5,1
DA:9,1
LF:3
LH:3
BRF:0
BRH:0
end_of_record
TN:
SF:weapons\LongBow.js
FN:4,(anonymous_0)
FNF:1
FNH:1
FNDA:2,(anonymous_0)
DA:1,1
DA:5,2
DA:6,2
DA:7,2
DA:8,2
DA:12,1
LF:6
LH:6
BRF:0
BRH:0
end_of_record
TN:
SF:weapons\Staff.js
FN:4,(anonymous_0)
FNF:1
FNH:1
FNDA:5,(anonymous_0)
DA:1,1
DA:5,5
DA:9,1
LF:3
LH:3
BRF:0
BRH:0
end_of_record
TN:
SF:weapons\StormStaff.js
FN:4,(anonymous_0)
FNF:1
FNH:1
FNDA:2,(anonymous_0)
DA:1,1
DA:5,2
DA:6,2
DA:7,2
DA:8,2
DA:12,1
LF:6
LH:6
BRF:0
BRH:0
end_of_record
TN:
SF:weapons\Sword.js
FN:4,(anonymous_0)
FNF:1
FNH:1
FNDA:10,(anonymous_0)
DA:1,1
DA:5,10
DA:9,1
LF:3
LH:3
BRF:0
BRH:0
end_of_record
TN:
SF:weapons\Weapon.js
FN:2,(anonymous_0)
FN:10,(anonymous_1)
FN:17,(anonymous_2)
FN:34,(anonymous_3)
FNF:4
FNH:4
FNDA:48,(anonymous_0)
FNDA:11,(anonymous_1)
FNDA:8,(anonymous_2)
FNDA:9,(anonymous_3)
DA:3,48
DA:4,48
DA:5,48
DA:6,48
DA:7,48
DA:11,11
DA:12,1
DA:14,10
DA:18,8
DA:19,0
DA:21,8
DA:22,1
DA:24,7
DA:25,1
DA:27,6
DA:28,6
DA:29,5
DA:31,1
DA:35,9
DA:39,1
LF:20
LH:19
BRDA:11,0,0,1
BRDA:11,0,1,10
BRDA:18,1,0,0
BRDA:18,1,1,8
BRDA:21,2,0,1
BRDA:21,2,1,7
BRDA:24,3,0,1
BRDA:24,3,1,6
BRDA:28,4,0,5
BRDA:28,4,1,1
BRF:10
BRH:9
end_of_record
